2023-01-05T08:08:13.596774Z 0 [Warning] [MY-010097] [Server] Insecure configuration for --secure-file-priv: Current value does not restrict location of generated files. Consider setting it to a valid, non-empty path.
2023-01-05T08:08:13.596849Z 0 [Warning] [MY-010918] [Server] 'default_authentication_plugin' is deprecated and will be removed in a future release. Please use authentication_policy instead.
2023-01-05T08:08:13.596906Z 0 [System] [MY-010116] [Server] C:\laragon\bin\mysql\mysql-8.0.30-winx64\bin\mysqld (mysqld 8.0.30) starting as process 7000
2023-01-05T08:08:13.638377Z 1 [System] [MY-013576] [InnoDB] InnoDB initialization has started.
2023-01-05T08:08:14.350493Z 1 [System] [MY-013577] [InnoDB] InnoDB initialization has ended.
2023-01-05T08:08:15.277557Z 0 [Warning] [MY-013829] [Server] Missing data directory for ICU regular expressions: C:\laragon\bin\mysql\mysql-8.0.30-winx64\lib\private\.
2023-01-05T08:08:15.290540Z 0 [Warning] [MY-010068] [Server] CA certificate ca.pem is self signed.
2023-01-05T08:08:15.291323Z 0 [System] [MY-013602] [Server] Channel mysql_main configured to support TLS. Encrypted connections are now supported for this channel.
2023-01-05T08:08:15.341438Z 0 [System] [MY-011323] [Server] X Plugin ready for connections. Bind-address: '::' port: 33060
2023-01-05T08:08:15.341630Z 0 [System] [MY-010931] [Server] C:\laragon\bin\mysql\mysql-8.0.30-winx64\bin\mysqld: ready for connections. Version: '8.0.30'  socket: ''  port: 3306  MySQL Community Server - GPL.
2023-01-05T09:34:32.011507Z 0 [Warning] [MY-010097] [Server] Insecure configuration for --secure-file-priv: Current value does not restrict location of generated files. Consider setting it to a valid, non-empty path.
2023-01-05T09:34:32.012593Z 0 [Warning] [MY-010918] [Server] 'default_authentication_plugin' is deprecated and will be removed in a future release. Please use authentication_policy instead.
2023-01-05T09:34:32.012654Z 0 [System] [MY-010116] [Server] C:\laragon\bin\mysql\mysql-8.0.30-winx64\bin\mysqld (mysqld 8.0.30) starting as process 6260
2023-01-05T09:34:32.106446Z 1 [System] [MY-013576] [InnoDB] InnoDB initialization has started.
2023-01-05T09:34:33.092611Z 1 [System] [MY-013577] [InnoDB] InnoDB initialization has ended.
2023-01-05T09:34:33.873208Z 0 [System] [MY-010229] [Server] Starting XA crash recovery...
2023-01-05T09:34:33.879067Z 0 [System] [MY-010232] [Server] XA crash recovery finished.
2023-01-05T09:34:33.934794Z 0 [Warning] [MY-013829] [Server] Missing data directory for ICU regular expressions: C:\laragon\bin\mysql\mysql-8.0.30-winx64\lib\private\.
2023-01-05T09:34:33.970556Z 0 [Warning] [MY-010068] [Server] CA certificate ca.pem is self signed.
2023-01-05T09:34:33.971258Z 0 [System] [MY-013602] [Server] Channel mysql_main configured to support TLS. Encrypted connections are now supported for this channel.
2023-01-05T09:34:34.032165Z 0 [System] [MY-011323] [Server] X Plugin ready for connections. Bind-address: '::' port: 33060
2023-01-05T09:34:34.032322Z 0 [System] [MY-010931] [Server] C:\laragon\bin\mysql\mysql-8.0.30-winx64\bin\mysqld: ready for connections. Version: '8.0.30'  socket: ''  port: 3306  MySQL Community Server - GPL.
2023-01-05T15:22:32.604605Z 586 [System] [MY-013172] [Server] Received SHUTDOWN from user root. Shutting down mysqld (Version: 8.0.30).
2023-01-05T15:22:32.606150Z 0 [System] [MY-013105] [Server] C:\laragon\bin\mysql\mysql-8.0.30-winx64\bin\mysqld: Normal shutdown.
2023-01-05T15:22:33.137149Z 0 [System] [MY-010910] [Server] C:\laragon\bin\mysql\mysql-8.0.30-winx64\bin\mysqld: Shutdown complete (mysqld 8.0.30)  MySQL Community Server - GPL.
2023-01-10T08:24:43.894903Z 0 [Warning] [MY-010097] [Server] Insecure configuration for --secure-file-priv: Current value does not restrict location of generated files. Consider setting it to a valid, non-empty path.
2023-01-10T08:24:43.896263Z 0 [Warning] [MY-010918] [Server] 'default_authentication_plugin' is deprecated and will be removed in a future release. Please use authentication_policy instead.
2023-01-10T08:24:43.896339Z 0 [System] [MY-010116] [Server] C:\laragon\bin\mysql\mysql-8.0.30-winx64\bin\mysqld (mysqld 8.0.30) starting as process 9332
2023-01-10T08:24:43.986670Z 1 [System] [MY-013576] [InnoDB] InnoDB initialization has started.
2023-01-10T08:24:44.834102Z 1 [System] [MY-013577] [InnoDB] InnoDB initialization has ended.
2023-01-10T08:24:45.996703Z 0 [Warning] [MY-013829] [Server] Missing data directory for ICU regular expressions: C:\laragon\bin\mysql\mysql-8.0.30-winx64\lib\private\.
2023-01-10T08:24:46.065335Z 0 [Warning] [MY-010068] [Server] CA certificate ca.pem is self signed.
2023-01-10T08:24:46.066045Z 0 [System] [MY-013602] [Server] Channel mysql_main configured to support TLS. Encrypted connections are now supported for this channel.
2023-01-10T08:24:46.187497Z 0 [System] [MY-011323] [Server] X Plugin ready for connections. Bind-address: '::' port: 33060
2023-01-10T08:24:46.187740Z 0 [System] [MY-010931] [Server] C:\laragon\bin\mysql\mysql-8.0.30-winx64\bin\mysqld: ready for connections. Version: '8.0.30'  socket: ''  port: 3306  MySQL Community Server - GPL.
2023-01-11T07:43:40.680773Z 0 [Warning] [MY-010097] [Server] Insecure configuration for --secure-file-priv: Current value does not restrict location of generated files. Consider setting it to a valid, non-empty path.
2023-01-11T07:43:40.681983Z 0 [Warning] [MY-010918] [Server] 'default_authentication_plugin' is deprecated and will be removed in a future release. Please use authentication_policy instead.
2023-01-11T07:43:40.682039Z 0 [System] [MY-010116] [Server] C:\laragon\bin\mysql\mysql-8.0.30-winx64\bin\mysqld (mysqld 8.0.30) starting as process 4544
2023-01-11T07:43:40.776891Z 1 [System] [MY-013576] [InnoDB] InnoDB initialization has started.
2023-01-11T07:43:42.013665Z 1 [System] [MY-013577] [InnoDB] InnoDB initialization has ended.
2023-01-11T07:43:42.637284Z 0 [System] [MY-010229] [Server] Starting XA crash recovery...
2023-01-11T07:43:42.645669Z 0 [System] [MY-010232] [Server] XA crash recovery finished.
2023-01-11T07:43:42.814663Z 0 [Warning] [MY-013829] [Server] Missing data directory for ICU regular expressions: C:\laragon\bin\mysql\mysql-8.0.30-winx64\lib\private\.
2023-01-11T07:43:42.858266Z 0 [Warning] [MY-010068] [Server] CA certificate ca.pem is self signed.
2023-01-11T07:43:42.858939Z 0 [System] [MY-013602] [Server] Channel mysql_main configured to support TLS. Encrypted connections are now supported for this channel.
2023-01-11T07:43:42.920318Z 0 [System] [MY-011323] [Server] X Plugin ready for connections. Bind-address: '::' port: 33060
2023-01-11T07:43:42.920484Z 0 [System] [MY-010931] [Server] C:\laragon\bin\mysql\mysql-8.0.30-winx64\bin\mysqld: ready for connections. Version: '8.0.30'  socket: ''  port: 3306  MySQL Community Server - GPL.
2023-01-11T15:16:09.696443Z 136 [System] [MY-013172] [Server] Received SHUTDOWN from user root. Shutting down mysqld (Version: 8.0.30).
2023-01-11T15:16:09.698444Z 0 [System] [MY-013105] [Server] C:\laragon\bin\mysql\mysql-8.0.30-winx64\bin\mysqld: Normal shutdown.
2023-01-11T15:16:10.584699Z 0 [System] [MY-010910] [Server] C:\laragon\bin\mysql\mysql-8.0.30-winx64\bin\mysqld: Shutdown complete (mysqld 8.0.30)  MySQL Community Server - GPL.
2023-01-12T08:11:54.460490Z 0 [Warning] [MY-010097] [Server] Insecure configuration for --secure-file-priv: Current value does not restrict location of generated files. Consider setting it to a valid, non-empty path.
2023-01-12T08:11:54.461871Z 0 [Warning] [MY-010918] [Server] 'default_authentication_plugin' is deprecated and will be removed in a future release. Please use authentication_policy instead.
2023-01-12T08:11:54.461923Z 0 [System] [MY-010116] [Server] C:\laragon\bin\mysql\mysql-8.0.30-winx64\bin\mysqld (mysqld 8.0.30) starting as process 5588
2023-01-12T08:11:54.552499Z 1 [System] [MY-013576] [InnoDB] InnoDB initialization has started.
2023-01-12T08:11:55.350322Z 1 [System] [MY-013577] [InnoDB] InnoDB initialization has ended.
2023-01-12T08:11:57.635703Z 0 [Warning] [MY-013829] [Server] Missing data directory for ICU regular expressions: C:\laragon\bin\mysql\mysql-8.0.30-winx64\lib\private\.
2023-01-12T08:11:57.751654Z 0 [Warning] [MY-010068] [Server] CA certificate ca.pem is self signed.
2023-01-12T08:11:57.752472Z 0 [System] [MY-013602] [Server] Channel mysql_main configured to support TLS. Encrypted connections are now supported for this channel.
2023-01-12T08:11:57.860173Z 0 [System] [MY-011323] [Server] X Plugin ready for connections. Bind-address: '::' port: 33060
2023-01-12T08:11:57.860355Z 0 [System] [MY-010931] [Server] C:\laragon\bin\mysql\mysql-8.0.30-winx64\bin\mysqld: ready for connections. Version: '8.0.30'  socket: ''  port: 3306  MySQL Community Server - GPL.
2023-01-13T07:34:19.301541Z 0 [Warning] [MY-010097] [Server] Insecure configuration for --secure-file-priv: Current value does not restrict location of generated files. Consider setting it to a valid, non-empty path.
2023-01-13T07:34:19.302781Z 0 [Warning] [MY-010918] [Server] 'default_authentication_plugin' is deprecated and will be removed in a future release. Please use authentication_policy instead.
2023-01-13T07:34:19.302844Z 0 [System] [MY-010116] [Server] C:\laragon\bin\mysql\mysql-8.0.30-winx64\bin\mysqld (mysqld 8.0.30) starting as process 12620
2023-01-13T07:34:19.392348Z 1 [System] [MY-013576] [InnoDB] InnoDB initialization has started.
2023-01-13T07:34:20.423480Z 1 [System] [MY-013577] [InnoDB] InnoDB initialization has ended.
2023-01-13T07:34:21.143589Z 0 [System] [MY-010229] [Server] Starting XA crash recovery...
2023-01-13T07:34:21.149365Z 0 [System] [MY-010232] [Server] XA crash recovery finished.
2023-01-13T07:34:21.238348Z 0 [Warning] [MY-013829] [Server] Missing data directory for ICU regular expressions: C:\laragon\bin\mysql\mysql-8.0.30-winx64\lib\private\.
2023-01-13T07:34:21.279395Z 0 [Warning] [MY-010068] [Server] CA certificate ca.pem is self signed.
2023-01-13T07:34:21.280067Z 0 [System] [MY-013602] [Server] Channel mysql_main configured to support TLS. Encrypted connections are now supported for this channel.
2023-01-13T07:34:21.338894Z 0 [System] [MY-011323] [Server] X Plugin ready for connections. Bind-address: '::' port: 33060
2023-01-13T07:34:21.339034Z 0 [System] [MY-010931] [Server] C:\laragon\bin\mysql\mysql-8.0.30-winx64\bin\mysqld: ready for connections. Version: '8.0.30'  socket: ''  port: 3306  MySQL Community Server - GPL.
2023-01-13T13:06:12.964337Z 0 [Warning] [MY-010097] [Server] Insecure configuration for --secure-file-priv: Current value does not restrict location of generated files. Consider setting it to a valid, non-empty path.
2023-01-13T13:06:13.000527Z 0 [Warning] [MY-010918] [Server] 'default_authentication_plugin' is deprecated and will be removed in a future release. Please use authentication_policy instead.
2023-01-13T13:06:13.000579Z 0 [System] [MY-010116] [Server] D:\laragon\bin\mysql\mysql-8.0.30-winx64\bin\mysqld (mysqld 8.0.30) starting as process 18404
2023-01-13T13:06:13.382984Z 1 [System] [MY-013576] [InnoDB] InnoDB initialization has started.
2023-01-13T13:06:21.602096Z 1 [System] [MY-013577] [InnoDB] InnoDB initialization has ended.
2023-01-13T13:06:22.547843Z 0 [System] [MY-010229] [Server] Starting XA crash recovery...
2023-01-13T13:06:22.551328Z 0 [System] [MY-010232] [Server] XA crash recovery finished.
2023-01-13T13:06:23.501366Z 0 [Warning] [MY-013829] [Server] Missing data directory for ICU regular expressions: D:\laragon\bin\mysql\mysql-8.0.30-winx64\lib\private\.
2023-01-13T13:06:23.768858Z 0 [Warning] [MY-010068] [Server] CA certificate ca.pem is self signed.
2023-01-13T13:06:23.769294Z 0 [System] [MY-013602] [Server] Channel mysql_main configured to support TLS. Encrypted connections are now supported for this channel.
2023-01-13T13:06:23.955859Z 0 [System] [MY-011323] [Server] X Plugin ready for connections. Bind-address: '::' port: 33060
2023-01-13T13:06:23.955946Z 0 [System] [MY-010931] [Server] D:\laragon\bin\mysql\mysql-8.0.30-winx64\bin\mysqld: ready for connections. Version: '8.0.30'  socket: ''  port: 3306  MySQL Community Server - GPL.
2023-01-13T13:23:28.692151Z 26 [System] [MY-013172] [Server] Received SHUTDOWN from user root. Shutting down mysqld (Version: 8.0.30).
2023-01-13T13:23:28.693036Z 0 [System] [MY-013105] [Server] D:\laragon\bin\mysql\mysql-8.0.30-winx64\bin\mysqld: Normal shutdown.
2023-01-13T13:23:29.508072Z 0 [System] [MY-010910] [Server] D:\laragon\bin\mysql\mysql-8.0.30-winx64\bin\mysqld: Shutdown complete (mysqld 8.0.30)  MySQL Community Server - GPL.
2023-01-15T14:21:06.788491Z 0 [Warning] [MY-010097] [Server] Insecure configuration for --secure-file-priv: Current value does not restrict location of generated files. Consider setting it to a valid, non-empty path.
2023-01-15T14:21:06.831768Z 0 [Warning] [MY-010918] [Server] 'default_authentication_plugin' is deprecated and will be removed in a future release. Please use authentication_policy instead.
2023-01-15T14:21:06.831816Z 0 [System] [MY-010116] [Server] D:\laragon\bin\mysql\mysql-8.0.30-winx64\bin\mysqld (mysqld 8.0.30) starting as process 5168
2023-01-15T14:21:07.629117Z 1 [System] [MY-013576] [InnoDB] InnoDB initialization has started.
